2026-06-29T12:18:03: 2026-06-29 12:18:03,160 [INFO] [CRYPTO] Scanner started. Assets: BTCUSD, ETHUSD, BNBUSD, SOLUSD, XRPUSD
2026-06-29T12:18:10: 2026-06-29 12:18:10,583 [WARNING] [CRYPTO] Price fetch failed for BTCUSD: HTTP Error 401: Unauthorized
2026-06-29T12:18:16: 2026-06-29 12:18:16,408 [WARNING] [CRYPTO] Price fetch failed for ETHUSD: HTTP Error 401: Unauthorized
2026-06-29T12:18:22: 2026-06-29 12:18:22,586 [WARNING] [CRYPTO] Price fetch failed for BNBUSD: HTTP Error 401: Unauthorized
2026-06-29T12:18:23: 2026-06-29 12:18:23,287 [WARNING] [CRYPTO] Price fetch failed for SOLUSD: HTTP Error 401: Unauthorized
2026-06-29T12:18:24: 2026-06-29 12:18:24,318 [WARNING] [CRYPTO] Price fetch failed for XRPUSD: HTTP Error 401: Unauthorized
2026-06-29T12:20:28: 2026-06-29 12:20:28,818 [WARNING] [CRYPTO] Price fetch failed for BTCUSD: HTTP Error 401: Unauthorized
2026-06-29T12:20:30: 2026-06-29 12:20:30,543 [WARNING] [CRYPTO] Price fetch failed for ETHUSD: HTTP Error 401: Unauthorized
2026-06-29T12:20:31: 2026-06-29 12:20:31,349 [WARNING] [CRYPTO] Price fetch failed for BNBUSD: HTTP Error 401: Unauthorized
2026-06-29T12:20:32: 2026-06-29 12:20:32,471 [WARNING] [CRYPTO] Price fetch failed for SOLUSD: HTTP Error 401: Unauthorized
2026-06-29T12:20:33: 2026-06-29 12:20:33,590 [WARNING] [CRYPTO] Price fetch failed for XRPUSD: HTTP Error 401: Unauthorized
2026-06-29T12:22:36: 2026-06-29 12:22:36,994 [WARNING] [CRYPTO] Price fetch failed for BTCUSD: HTTP Error 401: Unauthorized
2026-06-29T12:22:38: 2026-06-29 12:22:38,297 [WARNING] [CRYPTO] Price fetch failed for ETHUSD: HTTP Error 401: Unauthorized
2026-06-29T12:22:39: 2026-06-29 12:22:39,027 [WARNING] [CRYPTO] Price fetch failed for BNBUSD: HTTP Error 401: Unauthorized
2026-06-29T12:22:39: 2026-06-29 12:22:39,839 [WARNING] [CRYPTO] Price fetch failed for SOLUSD: HTTP Error 401: Unauthorized
2026-06-29T12:22:46: 2026-06-29 12:22:46,623 [WARNING] [CRYPTO] Price fetch failed for XRPUSD: HTTP Error 401: Unauthorized
2026-06-29T12:24:50: 2026-06-29 12:24:50,226 [WARNING] [CRYPTO] Price fetch failed for BTCUSD: HTTP Error 401: Unauthorized
2026-06-29T12:24:50: 2026-06-29 12:24:50,678 [WARNING] [CRYPTO] Price fetch failed for ETHUSD: HTTP Error 401: Unauthorized
2026-06-29T12:24:51: 2026-06-29 12:24:51,194 [WARNING] [CRYPTO] Price fetch failed for BNBUSD: HTTP Error 401: Unauthorized
2026-06-29T12:24:51: 2026-06-29 12:24:51,828 [WARNING] [CRYPTO] Price fetch failed for SOLUSD: HTTP Error 401: Unauthorized
2026-06-29T12:24:53: 2026-06-29 12:24:53,271 [WARNING] [CRYPTO] Price fetch failed for XRPUSD: HTTP Error 401: Unauthorized
