2026-06-29T12:18:03: FastAPI not installed. Run: pip install fastapi uvicorn
2026-06-29T12:18:06: FastAPI not installed. Run: pip install fastapi uvicorn
2026-06-29T12:18:09: FastAPI not installed. Run: pip install fastapi uvicorn
2026-06-29T12:18:12: FastAPI not installed. Run: pip install fastapi uvicorn
2026-06-29T12:18:14: FastAPI not installed. Run: pip install fastapi uvicorn
2026-06-29T12:18:18: FastAPI not installed. Run: pip install fastapi uvicorn
2026-06-29T12:18:21: FastAPI not installed. Run: pip install fastapi uvicorn
2026-06-29T12:18:24: FastAPI not installed. Run: pip install fastapi uvicorn
2026-06-29T12:18:28: FastAPI not installed. Run: pip install fastapi uvicorn
2026-06-29T12:18:33: FastAPI not installed. Run: pip install fastapi uvicorn
2026-06-29T12:18:40: FastAPI not installed. Run: pip install fastapi uvicorn
2026-06-29T12:18:48: FastAPI not installed. Run: pip install fastapi uvicorn
2026-06-29T12:18:59: FastAPI not installed. Run: pip install fastapi uvicorn
2026-06-29T12:19:14: FastAPI not installed. Run: pip install fastapi uvicorn
2026-06-29T12:19:31: FastAPI not installed. Run: pip install fastapi uvicorn
2026-06-29T12:19:48: FastAPI not installed. Run: pip install fastapi uvicorn
2026-06-29T12:20:06: FastAPI not installed. Run: pip install fastapi uvicorn
2026-06-29T12:20:22: FastAPI not installed. Run: pip install fastapi uvicorn
2026-06-29T12:20:39: FastAPI not installed. Run: pip install fastapi uvicorn
2026-06-29T12:20:56: FastAPI not installed. Run: pip install fastapi uvicorn
2026-06-29T12:21:13: FastAPI not installed. Run: pip install fastapi uvicorn
2026-06-29T12:21:30: FastAPI not installed. Run: pip install fastapi uvicorn
2026-06-29T12:21:47: FastAPI not installed. Run: pip install fastapi uvicorn
2026-06-29T12:22:04: FastAPI not installed. Run: pip install fastapi uvicorn
2026-06-29T12:22:21: FastAPI not installed. Run: pip install fastapi uvicorn
2026-06-29T12:22:38: FastAPI not installed. Run: pip install fastapi uvicorn
2026-06-29T12:22:54: FastAPI not installed. Run: pip install fastapi uvicorn
2026-06-29T12:23:11: FastAPI not installed. Run: pip install fastapi uvicorn
2026-06-29T12:23:28: FastAPI not installed. Run: pip install fastapi uvicorn
2026-06-29T12:23:45: FastAPI not installed. Run: pip install fastapi uvicorn
2026-06-29T12:24:02: FastAPI not installed. Run: pip install fastapi uvicorn
2026-06-29T12:24:19: FastAPI not installed. Run: pip install fastapi uvicorn
2026-06-29T12:24:36: FastAPI not installed. Run: pip install fastapi uvicorn
2026-06-29T12:24:53: FastAPI not installed. Run: pip install fastapi uvicorn
2026-06-29T12:25:10: FastAPI not installed. Run: pip install fastapi uvicorn
2026-06-29T12:25:27: FastAPI not installed. Run: pip install fastapi uvicorn
2026-06-29T12:25:45: FastAPI not installed. Run: pip install fastapi uvicorn
2026-06-29T12:26:02: FastAPI not installed. Run: pip install fastapi uvicorn
2026-06-29T12:26:19: FastAPI not installed. Run: pip install fastapi uvicorn
2026-06-29T12:26:36: FastAPI not installed. Run: pip install fastapi uvicorn
2026-06-29T12:26:54: FastAPI not installed. Run: pip install fastapi uvicorn
2026-06-29T12:27:11: FastAPI not installed. Run: pip install fastapi uvicorn
2026-06-29T12:27:28: FastAPI not installed. Run: pip install fastapi uvicorn
2026-06-29T12:27:45: FastAPI not installed. Run: pip install fastapi uvicorn
2026-06-29T12:28:02: Traceback (most recent call last):
2026-06-29T12:28:02:   File "/root/exchange_gateway/mcp_bridge_server.py", line 33, in <module>
2026-06-29T12:28:02:     import asyncio
2026-06-29T12:28:02:   File "/usr/lib/python3.14/asyncio/__init__.py", line 8, in <module>
2026-06-29T12:28:02:     from .base_events import *
2026-06-29T12:28:02:   File "/usr/lib/python3.14/asyncio/base_events.py", line 45, in <module>
2026-06-29T12:28:02:     from . import staggered
2026-06-29T12:28:02:   File "<frozen importlib._bootstrap>", line 1371, in _find_and_load
2026-06-29T12:28:02:   File "<frozen importlib._bootstrap>", line 1342, in _find_and_load_unlocked
2026-06-29T12:28:02:   File "<frozen importlib._bootstrap>", line 938, in _load_unlocked
2026-06-29T12:28:02:   File "<frozen importlib._bootstrap_external>", line 755, in exec_module
2026-06-29T12:28:02:   File "<frozen importlib._bootstrap_external>", line 851, in get_code
2026-06-29T12:28:02:   File "<frozen importlib._bootstrap_external>", line 950, in get_data
2026-06-29T12:28:02: KeyboardInterrupt
2026-06-29T12:28:04: FastAPI not installed. Run: pip install fastapi uvicorn
2026-06-29T12:28:06: FastAPI not installed. Run: pip install fastapi uvicorn
2026-06-29T12:28:09: FastAPI not installed. Run: pip install fastapi uvicorn
2026-06-29T12:28:11: FastAPI not installed. Run: pip install fastapi uvicorn
2026-06-29T12:28:14: FastAPI not installed. Run: pip install fastapi uvicorn
2026-06-29T12:28:17: FastAPI not installed. Run: pip install fastapi uvicorn
2026-06-29T12:28:20: FastAPI not installed. Run: pip install fastapi uvicorn
2026-06-29T12:28:24: FastAPI not installed. Run: pip install fastapi uvicorn
2026-06-29T12:28:29: FastAPI not installed. Run: pip install fastapi uvicorn
2026-06-29T12:28:35: FastAPI not installed. Run: pip install fastapi uvicorn
2026-06-29T12:28:42: FastAPI not installed. Run: pip install fastapi uvicorn
2026-06-29T12:28:53: FastAPI not installed. Run: pip install fastapi uvicorn
2026-06-29T12:29:08: FastAPI not installed. Run: pip install fastapi uvicorn
2026-06-29T12:29:25: FastAPI not installed. Run: pip install fastapi uvicorn
2026-06-29T12:29:42: FastAPI not installed. Run: pip install fastapi uvicorn
2026-06-29T12:30:02: FastAPI not installed. Run: pip install fastapi uvicorn
2026-06-29T12:30:19: FastAPI not installed. Run: pip install fastapi uvicorn
2026-06-29T12:30:36: FastAPI not installed. Run: pip install fastapi uvicorn
2026-06-29T12:30:53: FastAPI not installed. Run: pip install fastapi uvicorn
2026-06-29T12:31:11: FastAPI not installed. Run: pip install fastapi uvicorn
2026-06-29T12:31:28: FastAPI not installed. Run: pip install fastapi uvicorn
2026-06-29T12:31:45: FastAPI not installed. Run: pip install fastapi uvicorn
2026-06-29T12:32:02: FastAPI not installed. Run: pip install fastapi uvicorn
2026-06-29T12:32:20: FastAPI not installed. Run: pip install fastapi uvicorn
2026-06-29T12:32:36: FastAPI not installed. Run: pip install fastapi uvicorn
2026-06-29T12:32:53: FastAPI not installed. Run: pip install fastapi uvicorn
