2026-06-29T12:18:04: 2026-06-29 12:18:04,893 [INFO] AppWiring — ============================================================
2026-06-29T12:18:04: 2026-06-29 12:18:04,901 [INFO] AppWiring — OMNI BRAIN V2 — COMPOSITION ROOT (Layer 4)
2026-06-29T12:18:04: 2026-06-29 12:18:04,902 [INFO] AppWiring — ============================================================
2026-06-29T12:18:04: 2026-06-29 12:18:04,902 [INFO] AppWiring — [1/6] Creating AlertSender …
2026-06-29T12:18:05: 2026-06-29 12:18:05,446 [INFO] AppWiring — AlertSender (TelegramSignalService) created
2026-06-29T12:18:05: 2026-06-29 12:18:05,448 [INFO] AppWiring — [1/6] ✓ AlertSender ready (TelegramSignalService)
2026-06-29T12:18:05: 2026-06-29 12:18:05,449 [INFO] AppWiring — [2/6] Creating PipelineEngine …
2026-06-29T12:18:07: 2026-06-29 12:18:07,210 [WARNING] PipelineOrchestrator — Missing required env var: LIVE_DATA_API_KEY — set in .env to enable full functionality
2026-06-29T12:18:07: 2026-06-29 12:18:07,211 [WARNING] PipelineOrchestrator — Missing required env var: TELEGRAM_BOT_TOKEN — set in .env to enable full functionality
2026-06-29T12:18:07: 2026-06-29 12:18:07,211 [WARNING] PipelineOrchestrator — Missing required env var: TELEGRAM_CHAT_ID — set in .env to enable full functionality
2026-06-29T12:18:07: 2026-06-29 12:18:07,230 [INFO] AppWiring — PipelineEngine created (alert_sender=TelegramSignalService)
2026-06-29T12:18:07: 2026-06-29 12:18:07,231 [INFO] AppWiring — [2/6] ✓ PipelineEngine ready
2026-06-29T12:18:07: 2026-06-29 12:18:07,231 [INFO] AppWiring — [3/6] Creating LiveFeedScanner …
2026-06-29T12:18:07: 2026-06-29 12:18:07,560 [INFO] LiveFeedScanner — [SCANNER] MOCK MODE — using synthetic data for testing
2026-06-29T12:18:07: 2026-06-29 12:18:07,562 [INFO] AppWiring — LiveFeedScanner created (mock=True, pipeline=PipelineEngine)
2026-06-29T12:18:07: 2026-06-29 12:18:07,562 [INFO] AppWiring — [3/6] ✓ LiveFeedScanner ready (mock=True)
2026-06-29T12:18:07: 2026-06-29 12:18:07,562 [INFO] AppWiring — [4/6] Creating ExchangeGateway …
2026-06-29T12:18:08: Exception in thread Thread-1 (_run_loop):
2026-06-29T12:18:08: Traceback (most recent call last):
2026-06-29T12:18:08:   File "/usr/lib/python3.14/threading.py", line 1082, in _bootstrap_inner
2026-06-29T12:18:08:     self._context.run(self.run)
2026-06-29T12:18:08:     ~~~~~~~~~~~~~~~~~^^^^^^^^^^
2026-06-29T12:18:08:   File "/usr/lib/python3.14/threading.py", line 1024, in run
2026-06-29T12:18:08:     self._target(*self._args, **self._kwargs)
2026-06-29T12:18:08:     ~~~~~~~~~~~~^^^^^^^^^^^^^^^^^^^^^^^^^^^^^
2026-06-29T12:18:08:   File "/root/exchange_gateway/production/exchange_gateway.py", line 452, in _run_loop
2026-06-29T12:18:08:     self._loop.run_until_complete(self._gateway.initialize())
2026-06-29T12:18:08:     ~~~~~~~~~~~~~~~~~~~~~~~~~~~~~^^^^^^^^^^^^^^^^^^^^^^^^^^^^
2026-06-29T12:18:08:   File "/usr/lib/python3.14/asyncio/base_events.py", line 719, in run_until_complete
2026-06-29T12:18:08:     return future.result()
2026-06-29T12:18:08:            ~~~~~~~~~~~~~^^
2026-06-29T12:18:08:   File "/root/exchange_gateway/production/exchange_gateway.py", line 134, in initialize
2026-06-29T12:18:08:     import ccxt.async_support as ccxt
2026-06-29T12:18:08: ModuleNotFoundError: No module named 'ccxt'
2026-06-29T12:18:38: 2026-06-29 12:18:38,326 [INFO] ExchangeGateway — [GW-SYNC] Gateway thread started (paper=True)
2026-06-29T12:18:38: 2026-06-29 12:18:38,327 [INFO] AppWiring — ExchangeGateway created (paper=True, exchanges=[])
2026-06-29T12:18:38: 2026-06-29 12:18:38,327 [INFO] AppWiring — [4/6] ✓ ExchangeGateway ready (exchanges=[])
2026-06-29T12:18:38: 2026-06-29 12:18:38,327 [INFO] AppWiring — [5/6] Creating AsyncWSScanner …
2026-06-29T12:18:38: 2026-06-29 12:18:38,480 [INFO] AsyncWSScanner — [WS] Scanner thread started (exchange=binance, symbols=['BTCUSD', 'ETHUSD', 'XAUUSD'])
2026-06-29T12:18:38: 2026-06-29 12:18:38,481 [INFO] AppWiring — AsyncWSScanner created (exchange=binance)
2026-06-29T12:18:38: 2026-06-29 12:18:38,481 [INFO] AppWiring — [5/6] ✓ AsyncWSScanner ready (exchange=binance)
2026-06-29T12:18:38: 2026-06-29 12:18:38,481 [INFO] AppWiring — [6/6] Starting scanner …
2026-06-29T12:18:38: 2026-06-29 12:18:38,481 [INFO] LiveFeedScanner — ============================================================
2026-06-29T12:18:38: 2026-06-29 12:18:38,481 [INFO] LiveFeedScanner — OMNI BRAIN V2 - LIVE FEED SCANNER
2026-06-29T12:18:38: 2026-06-29 12:18:38,481 [INFO] LiveFeedScanner — ============================================================
2026-06-29T12:18:38: 2026-06-29 12:18:38,481 [INFO] LiveFeedScanner — Assets: XAUUSD, EURUSD, GBPUSD, SP500, BTCUSD, ETHUSD, BNBUSD, SOLUSD, XRPUSD
2026-06-29T12:18:38: 2026-06-29 12:18:38,481 [INFO] LiveFeedScanner — Timeframes: M15, H1, H4, D1
2026-06-29T12:18:38: 2026-06-29 12:18:38,489 [INFO] LiveFeedScanner — Interval: 60s
2026-06-29T12:18:38: 2026-06-29 12:18:38,515 [INFO] LiveFeedScanner — Rate Limit: 8/min, 800/day
2026-06-29T12:18:38: 2026-06-29 12:18:38,515 [INFO] LiveFeedScanner — ============================================================
2026-06-29T12:18:38: 2026-06-29 12:18:38,516 [INFO] LiveFeedScanner — [SCANNER] Mock mode — skipping API key verification
2026-06-29T12:18:38: 2026-06-29 12:18:38,587 [WARNING] LiveFeedScanner — [WS] websocket-client not installed. Install: pip install websocket-client
2026-06-29T12:18:38: 2026-06-29 12:18:38,589 [INFO] AppWiring — ============================================================
2026-06-29T12:18:38: 2026-06-29 12:18:38,589 [INFO] AppWiring — OMNI BRAIN V2 — ORCHESTRATOR ONLINE
2026-06-29T12:18:38: 2026-06-29 12:18:38,589 [INFO] AppWiring — ============================================================
2026-06-29T12:18:38: 2026-06-29 12:18:38,601 [ERROR] AsyncWSScanner — [WS-BINANCE] websockets not installed: pip install websockets
2026-06-29T12:18:38: 2026-06-29 12:18:38,629 [INFO] AppWiring — AutoAuditAgent created
2026-06-29T12:18:38: 2026-06-29 12:18:38,645 [INFO] AppWiring — Background audit thread started (interval=3600s)
2026-06-29T12:18:38: 2026-06-29 12:18:38,646 [INFO] AppWiring — Scan interval: 60s
2026-06-29T12:18:38: 2026-06-29 12:18:38,646 [INFO] AppWiring — ── scan #1 ──
2026-06-29T12:18:45: 2026-06-29 12:18:45,184 [ERROR] LiveFeedScanner — [REST] API key invalid or unauthorized
2026-06-29T12:18:46: 2026-06-29 12:18:46,607 [ERROR] LiveFeedScanner — [REST] API key invalid or unauthorized
2026-06-29T12:18:46: 2026-06-29 12:18:46,610 [INFO] LiveFeedScanner — ✅ First candle: XAUUSD O:2196.22 H:2197.68 L:2195.28 C:2197.59 V:4749
2026-06-29T12:18:49: 2026-06-29 12:18:49,009 [INFO] AIDecisionEngine — AI Decision Engine: All 22 modules loaded
2026-06-29T12:18:50: 2026-06-29 12:18:50,400 [INFO] ForexFactoryNews — Forex Factory: fetched 3 events
2026-06-29T12:18:51: 2026-06-29 12:18:51,377 [INFO] ForexFactoryNews — Forex Factory: fetched 3 events
2026-06-29T12:18:55: 2026-06-29 12:18:55,903 [ERROR] PipelineOrchestrator — Pipeline error: TelegramSignalService.send_signal() got an unexpected keyword argument 'action'
2026-06-29T12:18:55: Traceback (most recent call last):
2026-06-29T12:18:55:   File "/root/exchange_gateway/pipeline_orchestrator.py", line 740, in run_pipeline
2026-06-29T12:18:55:     self._execute_decision(result, payload)
2026-06-29T12:18:55:     ~~~~~~~~~~~~~~~~~~~~~~^^^^^^^^^^^^^^^^^
2026-06-29T12:18:55:   File "/root/exchange_gateway/pipeline_orchestrator.py", line 829, in _execute_decision
2026-06-29T12:18:55:     self.alert_sender.send_signal(
2026-06-29T12:18:55:     ~~~~~~~~~~~~~~~~~~~~~~~~~~~~~^
2026-06-29T12:18:55:         symbol=symbol,
2026-06-29T12:18:55:         ^^^^^^^^^^^^^^
2026-06-29T12:18:55:     ...<2 lines>...
2026-06-29T12:18:55:         details=details,
2026-06-29T12:18:55:         ^^^^^^^^^^^^^^^^
2026-06-29T12:18:55:     )
2026-06-29T12:18:55:     ^
2026-06-29T12:18:55: TypeError: TelegramSignalService.send_signal() got an unexpected keyword argument 'action'
2026-06-29T12:18:55: 2026-06-29 12:18:55,910 [INFO] PipelineOrchestrator — [PIPELINE] XAUUSD step1_cb:0.1ms step2_scan:0.2ms step2b_regime:0.1ms step2c_ai:2636.4ms step3_mtf:0.0ms step4_session:0.1ms step5_news:963.6ms step6_correlation:2.2ms step7_yield:0.0ms step8_sentiment:996.9ms step9_pattern:0.1ms step10_divergence:0.1ms step11_risk:0.0ms step12_score:0.1ms step13_threshold:1.1ms total:8129.2ms decision:ERROR
2026-06-29T12:18:55: 2026-06-29 12:18:55,912 [INFO] LiveFeedScanner — [SCANNER] Startup pipeline complete: XAUUSD score=50 ERROR
2026-06-29T12:18:55: 2026-06-29 12:18:55,923 [INFO] PipelineOrchestrator — [CHASER] Order XAUUSD_SELL_1782724735 initiated: SELL @ 2188.49 (conf=0.70)
2026-06-29T12:18:55: 2026-06-29 12:18:55,923 [INFO] PipelineOrchestrator — [SNIPER] SELL XAUUSD conf=0.70 → chaser initiated
2026-06-29T12:18:55: 2026-06-29 12:18:55,928 [INFO] SmartMoneyMatrix — LiquiditySweep: BULLISH @ 2188.96
